<?xml version="1.0" encoding="UTF-8"?>
<!-- Generated by org.testng.reporters.JUnitXMLReporter -->
<testsuite hostname="ПК" ignored="0" name="Default test" tests="4" failures="0" timestamp="19 груд. 2017 20:01:28 GMT" time="0.585" errors="0">
  <testcase name="getAgeTest" time="0.078" classname="test.TestWorker"/>
  <testcase name="getAgeTest" time="0.01" classname="test.TestWorker"/>
  <testcase name="isCanWorkTest" time="0.003" classname="test.TestWorker"/>
  <testcase name="isCanWorkTest" time="0.007" classname="test.TestWorker"/>
</testsuite> <!-- Default test -->
